-------------------------------------------------------------------------------
Test set: se.kth.iv1350.pos.model.ItemDTOTest
-------------------------------------------------------------------------------
Tests run: 3, Failures: 1, Errors: 0, Skipped: 0, Time elapsed: 0.001 s <<< FAILURE! - in se.kth.iv1350.pos.model.ItemDTOTest
testFetchItemVAT  Time elapsed: 0.001 s  <<< FAILURE!
org.opentest4j.AssertionFailedError: Item VAT was not fetched ==> expected: <100.0> but was: <120.0>
	at se.kth.iv1350.pos.model.ItemDTOTest.testFetchItemVAT(ItemDTOTest.java:34)

