-------------------------------------------------------------------------------
Test set: se.kth.iv1350.pos.integration.AccountingSystemTest
-------------------------------------------------------------------------------
Tests run: 1, Failures: 0, Errors: 1, Skipped: 0, Time elapsed: 0.039 s <<< FAILURE! - in se.kth.iv1350.pos.integration.AccountingSystemTest
testRecordSoldItemAddsBoughtsItemToSoldItems  Time elapsed: 0.016 s  <<< ERROR!
java.util.ConcurrentModificationException
	at se.kth.iv1350.pos.integration.AccountingSystemTest.testRecordSoldItemAddsBoughtsItemToSoldItems(AccountingSystemTest.java:24)

