-------------------------------------------------------------------------------
Test set: se.kth.iv1350.pos.integration.ReceiptTest
-------------------------------------------------------------------------------
Tests run: 1, Failures: 0, Errors: 1, Skipped: 0, Time elapsed: 0.018 s <<< FAILURE! - in se.kth.iv1350.pos.integration.ReceiptTest
testPrintReceipt  Time elapsed: 0.016 s  <<< ERROR!
java.lang.NullPointerException: Cannot invoke "se.kth.iv1350.pos.controller.Controller.enterPayment(float)" because "this.controller" is null
	at se.kth.iv1350.pos.integration.ReceiptTest.testPrintReceipt(ReceiptTest.java:29)

