<?xml version="1.0" encoding="UTF-8"?>
<testsuite xmlns:xsi="http://www.w3.org/2001/XMLSchema-instance" xsi:noNamespaceSchemaLocation="https://maven.apache.org/surefire/maven-surefire-plugin/xsd/surefire-test-report.xsd" name="se.kth.iv1350.pos.integration.ReceiptTest" time="0.02" tests="1" errors="1" skipped="0" failures="0">
  <properties>
[...]
</properties>
  <testcase name="testPrintReceipt" classname="se.kth.iv1350.pos.integration.ReceiptTest" time="0.018">
    <error message="Cannot invoke &quot;se.kth.iv1350.pos.controller.Controller.enterPayment(double)&quot; because &quot;this.controller&quot; is null" type="java.lang.NullPointerException">java.lang.NullPointerException: Cannot invoke "se.kth.iv1350.pos.controller.Controller.enterPayment(double)" because "this.controller" is null
	at se.kth.iv1350.pos.integration.ReceiptTest.testPrintReceipt(ReceiptTest.java:28)
</error>
    <system-out><![CDATA[- - - - - - - - - - - - - - - - - - Begin receipt - - - - - - - - - - - - - - - - - - -
Time of Sale : 2024-04-30 10:50:14

Banananaa 4 x 100.0 400.0 SEK
Abble 2 x 10.0 20.0 SEK

Object-Oriented Design, IV1350 Seminar 3, Implementation
Total : 358.4 SEK
VAT : 38.4 SEK

Cash: 1000.0 SEK
Change: 641.6 SEK
- - - - - - - - - - - - - - - - - - End receipt - - - - - - - - - - - - - - - - - - -
]]></system-out>
  </testcase>
</testsuite>