<?xml version="1.0" encoding="UTF-8"?>
<testsuite xmlns:xsi="http://www.w3.org/2001/XMLSchema-instance" xsi:noNamespaceSchemaLocation="https://maven.apache.org/surefire/maven-surefire-plugin/xsd/surefire-test-report.xsd" name="se.kth.iv1350.pos.integration.InventorySystemTest" time="0" tests="2" errors="0" skipped="0" failures="0">
  <properties>
[...]
</properties>
  <testcase name="testFetchItemReturnsCorrectItemBasonOnItemID" classname="se.kth.iv1350.pos.integration.InventorySystemTest" time="0"/>
  <testcase name="testUpdateQuantityUpdatesStoreItemsWithCorrectItem" classname="se.kth.iv1350.pos.integration.InventorySystemTest" time="0"/>
</testsuite>