<?xml version="1.0" encoding="UTF-8"?>
<testsuite xmlns:xsi="http://www.w3.org/2001/XMLSchema-instance" xsi:noNamespaceSchemaLocation="https://maven.apache.org/surefire/maven-surefire-plugin/xsd/surefire-test-report.xsd" name="se.kth.iv1350.pos.model.ItemDTOTest" time="0" tests="4" errors="0" skipped="0" failures="0">
  <properties>
[...]
</properties>
  <testcase name="testFetchItemName" classname="se.kth.iv1350.pos.model.ItemDTOTest" time="0"/>
  <testcase name="testFetchItemPrice" classname="se.kth.iv1350.pos.model.ItemDTOTest" time="0"/>
  <testcase name="testFetchItemVAT" classname="se.kth.iv1350.pos.model.ItemDTOTest" time="0"/>
  <testcase name="testFetchItemDescription" classname="se.kth.iv1350.pos.model.ItemDTOTest" time="0"/>
</testsuite>